<?xml version="1.0" encoding="UTF-8"?>
<!-- Generated by org.testng.reporters.JUnitReportReporter -->
<testsuite hostname="LAPTOP-9VKVOOSG" failures="0" tests="4" name="testng_packages.Testcase_Datadriven" time="25.508" errors="0" timestamp="07 Aug 2022 13:34:30 GMT" skipped="0">
  <testcase classname="testng_packages.Testcase_Datadriven" name="login" time="9.816"/>
  <testcase classname="testng_packages.Testcase_Datadriven" name="login" time="10.169"/>
  <testcase classname="testng_packages.Testcase_Datadriven" name="login" time="2.608"/>
  <testcase classname="testng_packages.Testcase_Datadriven" name="login" time="2.915"/>
</testsuite> <!-- testng_packages.Testcase_Datadriven -->
